<?xml version="1.0" encoding="UTF-8"?>
<testsuite xmlns:xsi="http://www.w3.org/2001/XMLSchema-instance" xsi:noNamespaceSchemaLocation="https://maven.apache.org/surefire/maven-surefire-plugin/xsd/surefire-test-report-3.0.xsd" version="3.0" name="com.example.spring_boot_app.SpringBootAppApplicationTests" time="1.179" tests="1" errors="0" skipped="0" failures="0">
  <properties>
[...]
</properties>
  <testcase name="contextLoads" classname="com.example.spring_boot_app.SpringBootAppApplicationTests" time="0.417">
    <system-out><![CDATA[02:42:06.130 [main] INFO org.springframework.test.context.support.AnnotationConfigContextLoaderUtils -- Could not detect default configuration classes for test class [com.example.spring_boot_app.SpringBootAppApplicationTests]: SpringBootAppApplicationTests does not declare any static, non-private, non-final, nested classes annotated with @Configuration.
02:42:06.178 [main] INFO org.springframework.boot.test.context.SpringBootTestContextBootstrapper -- Found @SpringBootConfiguration com.example.spring_boot_app.SpringBootAppApplication for test class com.example.spring_boot_app.SpringBootAppApplicationTests
  .   ____          _            __ _ _
 /\\ / ___'_ __ _ _(_)_ __  __ _ \ \ \ \
( ( )\___ | '_ | '_| | '_ \/ _` | \ \ \ \
 \\/  ___)| |_)| | | | | || (_| |  ) ) ) )
  '  |____| .__|_| |_|_| |_\__, | / / / /
 =========|_|==============|___/=/_/_/_/

 :: Spring Boot ::                (v3.3.0)

2024-06-07T02:42:06.326+05:30  INFO 56517 --- [spring-boot-app] [           main] c.e.s.SpringBootAppApplicationTests      : Starting SpringBootAppApplicationTests using Java 18.0.2.1 with PID 56517 (started by abhijaysingh in /Users/abhijaysingh/Documents/College/Internship/SaiaFarms/CommunicatingDockerImages/spring-boot-app)
2024-06-07T02:42:06.326+05:30  INFO 56517 --- [spring-boot-app] [           main] c.e.s.SpringBootAppApplicationTests      : No active profile set, falling back to 1 default profile: "default"
2024-06-07T02:42:06.801+05:30  INFO 56517 --- [spring-boot-app] [           main] c.e.s.SpringBootAppApplicationTests      : Started SpringBootAppApplicationTests in 0.57 seconds (process running for 0.968)
]]></system-out>
  </testcase>
</testsuite>